# JRE version: OpenJDK Runtime Environment Temurin-21.0.7+6 (21.0.7+6) (build 21.0.7+6-LTS)
# Java VM: OpenJDK 64-Bit Server VM Temurin-21.0.7+6 (21.0.7+6-LTS, mixed mode, sharing, tiered, compressed oops, compressed class ptrs, parallel gc, windows-amd64)
GC Precious Log:
 CardTable entry size: 512
 CPUs: 8 total, 8 available
 Memory: 16118M
 Large Page Support: Disabled
 NUMA Support: Disabled
 Compressed Oops: Enabled (32-bit)
 Alignments: Space 512K, Generation 512K, Heap 2M
 Heap Min Capacity: 100M
 Heap Initial Capacity: 100M
 Heap Max Capacity: 2G
 Pre-touch: Disabled
 Parallel Workers: 8
Heap:
 PSYoungGen      total 3072K, used 2880K [0x00000000d5580000, 0x00000000d5a80000, 0x0000000100000000)
  eden space 2048K, 100% used [0x00000000d5580000,0x00000000d5780000,0x00000000d5780000)
  from space 1024K, 81% used [0x00000000d5980000,0x00000000d5a50000,0x00000000d5a80000)
  to   space 1536K, 14% used [0x00000000d5780000,0x00000000d57b8000,0x00000000d5900000)
 ParOldGen       total 813568K, used 813560K [0x0000000080000000, 0x00000000b1a80000, 0x00000000d5580000)
  object space 813568K, 99% used [0x0000000080000000,0x00000000b1a7e228,0x00000000b1a80000)
 Metaspace       used 83679K, committed 85440K, reserved 1179648K
  class space    used 8533K, committed 9344K, reserved 1048576K
GC Heap History (20 events):
Event: 136.822 GC heap after
{Heap after GC invocations=2765 (full 4):
 PSYoungGen      total 3584K, used 192K [0x00000000d5580000, 0x00000000d5b80000, 0x0000000100000000)
  eden space 3072K, 0% used [0x00000000d5580000,0x00000000d5580000,0x00000000d5880000)
  from space 512K, 37% used [0x00000000d5a80000,0x00000000d5ab0000,0x00000000d5b00000)
  to   space 512K, 0% used [0x00000000d5b00000,0x00000000d5b00000,0x00000000d5b80000)
 ParOldGen       total 802304K, used 801880K [0x0000000080000000, 0x00000000b0f80000, 0x00000000d5580000)
  object space 802304K, 99% used [0x0000000080000000,0x00000000b0f16140,0x00000000b0f80000)
 Metaspace       used 83561K, committed 85312K, reserved 1179648K
  class space    used 8522K, committed 9344K, reserved 1048576K
}
Event: 148.968 GC heap before
{Heap before GC invocations=2766 (full 4):
 PSYoungGen      total 3584K, used 3264K [0x00000000d5580000, 0x00000000d5b80000, 0x0000000100000000)
  eden space 3072K, 100% used [0x00000000d5580000,0x00000000d5880000,0x00000000d5880000)
  from space 512K, 37% used [0x00000000d5a80000,0x00000000d5ab0000,0x00000000d5b00000)
  to   space 512K, 0% used [0x00000000d5b00000,0x00000000d5b00000,0x00000000d5b80000)
 ParOldGen       total 802304K, used 801880K [0x0000000080000000, 0x00000000b0f80000, 0x00000000d5580000)
  object space 802304K, 99% used [0x0000000080000000,0x00000000b0f16140,0x00000000b0f80000)
 Metaspace       used 83678K, committed 85440K, reserved 1179648K
  class space    used 8533K, committed 9344K, reserved 1048576K
}
Event: 148.970 GC heap after
{Heap after GC invocations=2766 (full 4):
 PSYoungGen      total 3584K, used 320K [0x00000000d5580000, 0x00000000d5b80000, 0x0000000100000000)
  eden space 3072K, 0% used [0x00000000d5580000,0x00000000d5580000,0x00000000d5880000)
  from space 512K, 62% used [0x00000000d5b00000,0x00000000d5b50000,0x00000000d5b80000)
  to   space 512K, 0% used [0x00000000d5a80000,0x00000000d5a80000,0x00000000d5b00000)
 ParOldGen       total 802304K, used 802008K [0x0000000080000000, 0x00000000b0f80000, 0x00000000d5580000)
  object space 802304K, 99% used [0x0000000080000000,0x00000000b0f36140,0x00000000b0f80000)
 Metaspace       used 83678K, committed 85440K, reserved 1179648K
  class space    used 8533K, committed 9344K, reserved 1048576K
}
Event: 149.004 GC heap before
{Heap before GC invocations=2767 (full 4):
 PSYoungGen      total 3584K, used 3392K [0x00000000d5580000, 0x00000000d5b80000, 0x0000000100000000)
  eden space 3072K, 100% used [0x00000000d5580000,0x00000000d5880000,0x00000000d5880000)
  from space 512K, 62% used [0x00000000d5b00000,0x00000000d5b50000,0x00000000d5b80000)
  to   space 512K, 0% used [0x00000000d5a80000,0x00000000d5a80000,0x00000000d5b00000)
 ParOldGen       total 802304K, used 802008K [0x0000000080000000, 0x00000000b0f80000, 0x00000000d5580000)
  object space 802304K, 99% used [0x0000000080000000,0x00000000b0f36140,0x00000000b0f80000)
 Metaspace       used 83679K, committed 85440K, reserved 1179648K
  class space    used 8533K, committed 9344K, reserved 1048576K
}
Event: 149.006 GC heap after
{Heap after GC invocations=2767 (full 4):
 PSYoungGen      total 3584K, used 506K [0x00000000d5580000, 0x00000000d5b80000, 0x0000000100000000)
  eden space 3072K, 0% used [0x00000000d5580000,0x00000000d5580000,0x00000000d5880000)
  from space 512K, 98% used [0x00000000d5a80000,0x00000000d5afea08,0x00000000d5b00000)
  to   space 512K, 0% used [0x00000000d5b00000,0x00000000d5b00000,0x00000000d5b80000)
 ParOldGen       total 802816K, used 802642K [0x0000000080000000, 0x00000000b1000000, 0x00000000d5580000)
  object space 802816K, 99% used [0x0000000080000000,0x00000000b0fd49b8,0x00000000b1000000)
 Metaspace       used 83679K, committed 85440K, reserved 1179648K
  class space    used 8533K, committed 9344K, reserved 1048576K
}
Event: 149.021 GC heap before
{Heap before GC invocations=2768 (full 4):
 PSYoungGen      total 3584K, used 3578K [0x00000000d5580000, 0x00000000d5b80000, 0x0000000100000000)
  eden space 3072K, 100% used [0x00000000d5580000,0x00000000d5880000,0x00000000d5880000)
  from space 512K, 98% used [0x00000000d5a80000,0x00000000d5afea08,0x00000000d5b00000)
  to   space 512K, 0% used [0x00000000d5b00000,0x00000000d5b00000,0x00000000d5b80000)
 ParOldGen       total 802816K, used 802642K [0x0000000080000000, 0x00000000b1000000, 0x00000000d5580000)
  object space 802816K, 99% used [0x0000000080000000,0x00000000b0fd49b8,0x00000000b1000000)
 Metaspace       used 83679K, committed 85440K, reserved 1179648K
  class space    used 8533K, committed 9344K, reserved 1048576K
}
Event: 149.025 GC heap after
{Heap after GC invocations=2768 (full 4):
 PSYoungGen      total 2560K, used 496K [0x00000000d5580000, 0x00000000d5f80000, 0x0000000100000000)
  eden space 2048K, 0% used [0x00000000d5580000,0x00000000d5580000,0x00000000d5780000)
  from space 512K, 96% used [0x00000000d5b00000,0x00000000d5b7c130,0x00000000d5b80000)
  to   space 3584K, 0% used [0x00000000d5780000,0x00000000d5780000,0x00000000d5b00000)
 ParOldGen       total 805376K, used 805077K [0x0000000080000000, 0x00000000b1280000, 0x00000000d5580000)
  object space 805376K, 99% used [0x0000000080000000,0x00000000b12355c0,0x00000000b1280000)
 Metaspace       used 83679K, committed 85440K, reserved 1179648K
  class space    used 8533K, committed 9344K, reserved 1048576K
}
Event: 149.036 GC heap before
{Heap before GC invocations=2769 (full 4):
 PSYoungGen      total 2560K, used 2544K [0x00000000d5580000, 0x00000000d5f80000, 0x0000000100000000)
  eden space 2048K, 100% used [0x00000000d5580000,0x00000000d5780000,0x00000000d5780000)
  from space 512K, 96% used [0x00000000d5b00000,0x00000000d5b7c130,0x00000000d5b80000)
  to   space 3584K, 0% used [0x00000000d5780000,0x00000000d5780000,0x00000000d5b00000)
 ParOldGen       total 805376K, used 805077K [0x0000000080000000, 0x00000000b1280000, 0x00000000d5580000)
  object space 805376K, 99% used [0x0000000080000000,0x00000000b12355c0,0x00000000b1280000)
 Metaspace       used 83679K, committed 85440K, reserved 1179648K
  class space    used 8533K, committed 9344K, reserved 1048576K
}
Event: 149.040 GC heap after
{Heap after GC invocations=2769 (full 4):
 PSYoungGen      total 4096K, used 1733K [0x00000000d5580000, 0x00000000d5c80000, 0x0000000100000000)
  eden space 2048K, 0% used [0x00000000d5580000,0x00000000d5580000,0x00000000d5780000)
  from space 2048K, 84% used [0x00000000d5780000,0x00000000d5931790,0x00000000d5980000)
  to   space 2560K, 0% used [0x00000000d5a00000,0x00000000d5a00000,0x00000000d5c80000)
 ParOldGen       total 805888K, used 805574K [0x0000000080000000, 0x00000000b1300000, 0x00000000d5580000)
  object space 805888K, 99% used [0x0000000080000000,0x00000000b12b1928,0x00000000b1300000)
 Metaspace       used 83679K, committed 85440K, reserved 1179648K
  class space    used 8533K, committed 9344K, reserved 1048576K
}
Event: 149.075 GC heap before
{Heap before GC invocations=2770 (full 4):
 PSYoungGen      total 4096K, used 3781K [0x00000000d5580000, 0x00000000d5c80000, 0x0000000100000000)
  eden space 2048K, 100% used [0x00000000d5580000,0x00000000d5780000,0x00000000d5780000)
  from space 2048K, 84% used [0x00000000d5780000,0x00000000d5931790,0x00000000d5980000)
  to   space 2560K, 0% used [0x00000000d5a00000,0x00000000d5a00000,0x00000000d5c80000)
 ParOldGen       total 805888K, used 805574K [0x0000000080000000, 0x00000000b1300000, 0x00000000d5580000)
  object space 805888K, 99% used [0x0000000080000000,0x00000000b12b1928,0x00000000b1300000)
 Metaspace       used 83679K, committed 85440K, reserved 1179648K
  class space    used 8533K, committed 9344K, reserved 1048576K
}
Event: 149.078 GC heap after
{Heap after GC invocations=2770 (full 4):
 PSYoungGen      total 4096K, used 1748K [0x00000000d5580000, 0x00000000d5c00000, 0x0000000100000000)
  eden space 2048K, 0% used [0x00000000d5580000,0x00000000d5580000,0x00000000d5780000)
  from space 2048K, 85% used [0x00000000d5a00000,0x00000000d5bb51e8,0x00000000d5c00000)
  to   space 2048K, 0% used [0x00000000d5780000,0x00000000d5780000,0x00000000d5980000)
 ParOldGen       total 807424K, used 807172K [0x0000000080000000, 0x00000000b1480000, 0x00000000d5580000)
  object space 807424K, 99% used [0x0000000080000000,0x00000000b14410b0,0x00000000b1480000)
 Metaspace       used 83679K, committed 85440K, reserved 1179648K
  class space    used 8533K, committed 9344K, reserved 1048576K
}
Event: 149.097 GC heap before
{Heap before GC invocations=2771 (full 4):
 PSYoungGen      total 4096K, used 3397K [0x00000000d5580000, 0x00000000d5c00000, 0x0000000100000000)
  eden space 2048K, 80% used [0x00000000d5580000,0x00000000d571c248,0x00000000d5780000)
  from space 2048K, 85% used [0x00000000d5a00000,0x00000000d5bb51e8,0x00000000d5c00000)
  to   space 2048K, 0% used [0x00000000d5780000,0x00000000d5780000,0x00000000d5980000)
 ParOldGen       total 807424K, used 807172K [0x0000000080000000, 0x00000000b1480000, 0x00000000d5580000)
  object space 807424K, 99% used [0x0000000080000000,0x00000000b14410b0,0x00000000b1480000)
 Metaspace       used 83679K, committed 85440K, reserved 1179648K
  class space    used 8533K, committed 9344K, reserved 1048576K
}
Event: 149.101 GC heap after
{Heap after GC invocations=2771 (full 4):
 PSYoungGen      total 4096K, used 1522K [0x00000000d5580000, 0x00000000d5b80000, 0x0000000100000000)
  eden space 2048K, 0% used [0x00000000d5580000,0x00000000d5580000,0x00000000d5780000)
  from space 2048K, 74% used [0x00000000d5780000,0x00000000d58fc8a8,0x00000000d5980000)
  to   space 2048K, 0% used [0x00000000d5980000,0x00000000d5980000,0x00000000d5b80000)
 ParOldGen       total 808960K, used 808798K [0x0000000080000000, 0x00000000b1600000, 0x00000000d5580000)
  object space 808960K, 99% used [0x0000000080000000,0x00000000b15d7a78,0x00000000b1600000)
 Metaspace       used 83679K, committed 85440K, reserved 1179648K
  class space    used 8533K, committed 9344K, reserved 1048576K
}
Event: 149.111 GC heap before
{Heap before GC invocations=2772 (full 4):
 PSYoungGen      total 4096K, used 3507K [0x00000000d5580000, 0x00000000d5b80000, 0x0000000100000000)
  eden space 2048K, 96% used [0x00000000d5580000,0x00000000d5770658,0x00000000d5780000)
  from space 2048K, 74% used [0x00000000d5780000,0x00000000d58fc8a8,0x00000000d5980000)
  to   space 2048K, 0% used [0x00000000d5980000,0x00000000d5980000,0x00000000d5b80000)
 ParOldGen       total 808960K, used 808798K [0x0000000080000000, 0x00000000b1600000, 0x00000000d5580000)
  object space 808960K, 99% used [0x0000000080000000,0x00000000b15d7a78,0x00000000b1600000)
 Metaspace       used 83679K, committed 85440K, reserved 1179648K
  class space    used 8533K, committed 9344K, reserved 1048576K
}
Event: 149.115 GC heap after
{Heap after GC invocations=2772 (full 4):
 PSYoungGen      total 4096K, used 1717K [0x00000000d5580000, 0x00000000d5b80000, 0x0000000100000000)
  eden space 2048K, 0% used [0x00000000d5580000,0x00000000d5580000,0x00000000d5780000)
  from space 2048K, 83% used [0x00000000d5980000,0x00000000d5b2d700,0x00000000d5b80000)
  to   space 2048K, 0% used [0x00000000d5780000,0x00000000d5780000,0x00000000d5980000)
 ParOldGen       total 810496K, used 810171K [0x0000000080000000, 0x00000000b1780000, 0x00000000d5580000)
  object space 810496K, 99% used [0x0000000080000000,0x00000000b172ee70,0x00000000b1780000)
 Metaspace       used 83679K, committed 85440K, reserved 1179648K
  class space    used 8533K, committed 9344K, reserved 1048576K
}
Event: 149.153 GC heap before
{Heap before GC invocations=2773 (full 4):
 PSYoungGen      total 4096K, used 3765K [0x00000000d5580000, 0x00000000d5b80000, 0x0000000100000000)
  eden space 2048K, 100% used [0x00000000d5580000,0x00000000d5780000,0x00000000d5780000)
  from space 2048K, 83% used [0x00000000d5980000,0x00000000d5b2d700,0x00000000d5b80000)
  to   space 2048K, 0% used [0x00000000d5780000,0x00000000d5780000,0x00000000d5980000)
 ParOldGen       total 810496K, used 810171K [0x0000000080000000, 0x00000000b1780000, 0x00000000d5580000)
  object space 810496K, 99% used [0x0000000080000000,0x00000000b172ee70,0x00000000b1780000)
 Metaspace       used 83679K, committed 85440K, reserved 1179648K
  class space    used 8533K, committed 9344K, reserved 1048576K
}
Event: 149.157 GC heap after
{Heap after GC invocations=2773 (full 4):
 PSYoungGen      total 4096K, used 1856K [0x00000000d5580000, 0x00000000d5b80000, 0x0000000100000000)
  eden space 2048K, 0% used [0x00000000d5580000,0x00000000d5580000,0x00000000d5780000)
  from space 2048K, 90% used [0x00000000d5780000,0x00000000d5950058,0x00000000d5980000)
  to   space 2048K, 0% used [0x00000000d5980000,0x00000000d5980000,0x00000000d5b80000)
 ParOldGen       total 812032K, used 811786K [0x0000000080000000, 0x00000000b1900000, 0x00000000d5580000)
  object space 812032K, 99% used [0x0000000080000000,0x00000000b18c2a08,0x00000000b1900000)
 Metaspace       used 83679K, committed 85440K, reserved 1179648K
  class space    used 8533K, committed 9344K, reserved 1048576K
}
Event: 149.176 GC heap before
{Heap before GC invocations=2774 (full 4):
 PSYoungGen      total 4096K, used 3904K [0x00000000d5580000, 0x00000000d5b80000, 0x0000000100000000)
  eden space 2048K, 100% used [0x00000000d5580000,0x00000000d5780000,0x00000000d5780000)
  from space 2048K, 90% used [0x00000000d5780000,0x00000000d5950058,0x00000000d5980000)
  to   space 2048K, 0% used [0x00000000d5980000,0x00000000d5980000,0x00000000d5b80000)
 ParOldGen       total 812032K, used 811786K [0x0000000080000000, 0x00000000b1900000, 0x00000000d5580000)
  object space 812032K, 99% used [0x0000000080000000,0x00000000b18c2a08,0x00000000b1900000)
 Metaspace       used 83679K, committed 85440K, reserved 1179648K
  class space    used 8533K, committed 9344K, reserved 1048576K
}
Event: 149.181 GC heap after
{Heap after GC invocations=2774 (full 4):
 PSYoungGen      total 3072K, used 832K [0x00000000d5580000, 0x00000000d5a80000, 0x0000000100000000)
  eden space 2048K, 0% used [0x00000000d5580000,0x00000000d5580000,0x00000000d5780000)
  from space 1024K, 81% used [0x00000000d5980000,0x00000000d5a50000,0x00000000d5a80000)
  to   space 1536K, 0% used [0x00000000d5780000,0x00000000d5780000,0x00000000d5900000)
 ParOldGen       total 813568K, used 813504K [0x0000000080000000, 0x00000000b1a80000, 0x00000000d5580000)
  object space 813568K, 99% used [0x0000000080000000,0x00000000b1a70228,0x00000000b1a80000)
 Metaspace       used 83679K, committed 85440K, reserved 1179648K
  class space    used 8533K, committed 9344K, reserved 1048576K
}
Event: 149.307 GC heap before
{Heap before GC invocations=2775 (full 4):
 PSYoungGen      total 3072K, used 2880K [0x00000000d5580000, 0x00000000d5a80000, 0x0000000100000000)
  eden space 2048K, 100% used [0x00000000d5580000,0x00000000d5780000,0x00000000d5780000)
  from space 1024K, 81% used [0x00000000d5980000,0x00000000d5a50000,0x00000000d5a80000)
  to   space 1536K, 0% used [0x00000000d5780000,0x00000000d5780000,0x00000000d5900000)
 ParOldGen       total 813568K, used 813504K [0x0000000080000000, 0x00000000b1a80000, 0x00000000d5580000)
  object space 813568K, 99% used [0x0000000080000000,0x00000000b1a70228,0x00000000b1a80000)
 Metaspace       used 83679K, committed 85440K, reserved 1179648K
  class space    used 8533K, committed 9344K, reserved 1048576K
}

