# JRE version: Java(TM) SE Runtime Environment (17.0.14+8) (build 17.0.14+8-LTS-191)
# Java VM: Java HotSpot(TM) 64-Bit Server VM (17.0.14+8-LTS-191, mixed mode, sharing, tiered, compressed oops, compressed class ptrs, g1 gc, windows-amd64)
GC Precious Log:
 CPUs: 8 total, 8 available
 Memory: 16118M
 Large Page Support: Disabled
 NUMA Support: Disabled
 Compressed Oops: Enabled (Zero based)
 Heap Region Size: 2M
 Heap Min Capacity: 8M
 Heap Initial Capacity: 252M
 Heap Max Capacity: 4030M
 Pre-touch: Disabled
 Parallel Workers: 8
 Concurrent Workers: 2
 Concurrent Refinement Workers: 8
 Periodic GC: Disabled
Heap:
 garbage-first heap   total 227328K, used 86778K [0x0000000704200000, 0x0000000800000000)
  region size 2048K, 13 young (26624K), 4 survivors (8192K)
 Metaspace       used 31441K, committed 31808K, reserved 1114112K
  class space    used 3493K, committed 3648K, reserved 1048576K
GC Heap History (20 events):
Event: 19.961 GC heap before
{Heap before GC invocations=4 (full 0):
 garbage-first heap   total 258048K, used 126988K [0x0000000704200000, 0x0000000800000000)
  region size 2048K, 59 young (120832K), 7 survivors (14336K)
 Metaspace       used 21221K, committed 21504K, reserved 1114112K
  class space    used 2428K, committed 2560K, reserved 1048576K
}
Event: 19.976 GC heap after
{Heap after GC invocations=5 (full 0):
 garbage-first heap   total 258048K, used 28729K [0x0000000704200000, 0x0000000800000000)
  region size 2048K, 6 young (12288K), 6 survivors (12288K)
 Metaspace       used 21221K, committed 21504K, reserved 1114112K
  class space    used 2428K, committed 2560K, reserved 1048576K
}
Event: 21.373 GC heap before
{Heap before GC invocations=6 (full 0):
 garbage-first heap   total 110592K, used 81977K [0x0000000704200000, 0x0000000800000000)
  region size 2048K, 32 young (65536K), 6 survivors (12288K)
 Metaspace       used 26101K, committed 26432K, reserved 1114112K
  class space    used 2962K, committed 3136K, reserved 1048576K
}
Event: 21.400 GC heap after
{Heap after GC invocations=7 (full 0):
 garbage-first heap   total 114688K, used 44656K [0x0000000704200000, 0x0000000800000000)
  region size 2048K, 4 young (8192K), 4 survivors (8192K)
 Metaspace       used 26101K, committed 26432K, reserved 1114112K
  class space    used 2962K, committed 3136K, reserved 1048576K
}
Event: 21.434 GC heap before
{Heap before GC invocations=7 (full 0):
 garbage-first heap   total 114688K, used 46704K [0x0000000704200000, 0x0000000800000000)
  region size 2048K, 5 young (10240K), 4 survivors (8192K)
 Metaspace       used 26101K, committed 26432K, reserved 1114112K
  class space    used 2962K, committed 3136K, reserved 1048576K
}
Event: 21.446 GC heap after
{Heap after GC invocations=8 (full 0):
 garbage-first heap   total 114688K, used 47686K [0x0000000704200000, 0x0000000800000000)
  region size 2048K, 1 young (2048K), 1 survivors (2048K)
 Metaspace       used 26101K, committed 26432K, reserved 1114112K
  class space    used 2962K, committed 3136K, reserved 1048576K
}
Event: 22.154 GC heap before
{Heap before GC invocations=8 (full 0):
 garbage-first heap   total 114688K, used 80454K [0x0000000704200000, 0x0000000800000000)
  region size 2048K, 17 young (34816K), 1 survivors (2048K)
 Metaspace       used 26925K, committed 27264K, reserved 1114112K
  class space    used 3034K, committed 3200K, reserved 1048576K
}
Event: 22.177 GC heap after
{Heap after GC invocations=9 (full 0):
 garbage-first heap   total 114688K, used 56320K [0x0000000704200000, 0x0000000800000000)
  region size 2048K, 3 young (6144K), 3 survivors (6144K)
 Metaspace       used 26925K, committed 27264K, reserved 1114112K
  class space    used 3034K, committed 3200K, reserved 1048576K
}
Event: 22.489 GC heap before
{Heap before GC invocations=9 (full 0):
 garbage-first heap   total 114688K, used 68608K [0x0000000704200000, 0x0000000800000000)
  region size 2048K, 10 young (20480K), 3 survivors (6144K)
 Metaspace       used 27067K, committed 27456K, reserved 1114112K
  class space    used 3038K, committed 3200K, reserved 1048576K
}
Event: 22.509 GC heap after
{Heap after GC invocations=10 (full 0):
 garbage-first heap   total 114688K, used 59640K [0x0000000704200000, 0x0000000800000000)
  region size 2048K, 2 young (4096K), 2 survivors (4096K)
 Metaspace       used 27067K, committed 27456K, reserved 1114112K
  class space    used 3038K, committed 3200K, reserved 1048576K
}
Event: 24.008 GC heap before
{Heap before GC invocations=11 (full 0):
 garbage-first heap   total 114688K, used 84216K [0x0000000704200000, 0x0000000800000000)
  region size 2048K, 14 young (28672K), 2 survivors (4096K)
 Metaspace       used 28350K, committed 28736K, reserved 1114112K
  class space    used 3167K, committed 3328K, reserved 1048576K
}
Event: 24.022 GC heap after
{Heap after GC invocations=12 (full 0):
 garbage-first heap   total 114688K, used 63853K [0x0000000704200000, 0x0000000800000000)
  region size 2048K, 1 young (2048K), 1 survivors (2048K)
 Metaspace       used 28350K, committed 28736K, reserved 1114112K
  class space    used 3167K, committed 3328K, reserved 1048576K
}
Event: 24.900 GC heap before
{Heap before GC invocations=12 (full 0):
 garbage-first heap   total 114688K, used 88429K [0x0000000704200000, 0x0000000800000000)
  region size 2048K, 13 young (26624K), 1 survivors (2048K)
 Metaspace       used 29363K, committed 29696K, reserved 1114112K
  class space    used 3262K, committed 3392K, reserved 1048576K
}
Event: 24.916 GC heap after
{Heap after GC invocations=13 (full 0):
 garbage-first heap   total 114688K, used 64154K [0x0000000704200000, 0x0000000800000000)
  region size 2048K, 2 young (4096K), 2 survivors (4096K)
 Metaspace       used 29363K, committed 29696K, reserved 1114112K
  class space    used 3262K, committed 3392K, reserved 1048576K
}
Event: 26.178 GC heap before
{Heap before GC invocations=14 (full 0):
 garbage-first heap   total 116736K, used 88730K [0x0000000704200000, 0x0000000800000000)
  region size 2048K, 14 young (28672K), 2 survivors (4096K)
 Metaspace       used 29802K, committed 30144K, reserved 1114112K
  class space    used 3301K, committed 3456K, reserved 1048576K
}
Event: 26.193 GC heap after
{Heap after GC invocations=15 (full 0):
 garbage-first heap   total 116736K, used 65651K [0x0000000704200000, 0x0000000800000000)
  region size 2048K, 1 young (2048K), 1 survivors (2048K)
 Metaspace       used 29802K, committed 30144K, reserved 1114112K
  class space    used 3301K, committed 3456K, reserved 1048576K
}
Event: 26.632 GC heap before
{Heap before GC invocations=15 (full 0):
 garbage-first heap   total 116736K, used 92275K [0x0000000704200000, 0x0000000800000000)
  region size 2048K, 14 young (28672K), 1 survivors (2048K)
 Metaspace       used 29965K, committed 30272K, reserved 1114112K
  class space    used 3321K, committed 3456K, reserved 1048576K
}
Event: 26.647 GC heap after
{Heap after GC invocations=16 (full 0):
 garbage-first heap   total 227328K, used 66587K [0x0000000704200000, 0x0000000800000000)
  region size 2048K, 2 young (4096K), 2 survivors (4096K)
 Metaspace       used 29965K, committed 30272K, reserved 1114112K
  class space    used 3321K, committed 3456K, reserved 1048576K
}
Event: 27.808 GC heap before
{Heap before GC invocations=17 (full 0):
 garbage-first heap   total 227328K, used 166939K [0x0000000704200000, 0x0000000800000000)
  region size 2048K, 51 young (104448K), 2 survivors (4096K)
 Metaspace       used 30079K, committed 30400K, reserved 1114112K
  class space    used 3327K, committed 3456K, reserved 1048576K
}
Event: 27.824 GC heap after
{Heap after GC invocations=18 (full 0):
 garbage-first heap   total 227328K, used 70394K [0x0000000704200000, 0x0000000800000000)
  region size 2048K, 4 young (8192K), 4 survivors (8192K)
 Metaspace       used 30079K, committed 30400K, reserved 1114112K
  class space    used 3327K, committed 3456K, reserved 1048576K
}

